<?xml version="1.0" encoding="UTF-8"?>
<testng-results ignored="0" total="1" passed="1" failed="0" skipped="0">
  <reporter-output>
  </reporter-output>
  <suite started-at="2024-02-16T06:33:52Z" name="Default suite" finished-at="2024-02-16T06:34:10Z" duration-ms="17384">
    <groups>
    </groups>
    <test started-at="2024-02-16T06:33:52Z" name="Default test" finished-at="2024-02-16T06:34:10Z" duration-ms="17384">
      <class name="automationTestScripts.Login.LoginTest">
        <test-method is-config="true" signature="launchBrowser()[pri:0, instance:automationTestScripts.Login.LoginTest@5f354bcf]" started-at="2024-02-16T06:33:52Z" name="launchBrowser" finished-at="2024-02-16T06:33:59Z" duration-ms="6579" status="PASS">
          <reporter-output>
          </reporter-output>
        </test-method> <!-- launchBrowser -->
        <test-method signature="loginpage()[pri:0, instance:automationTestScripts.Login.LoginTest@5f354bcf]" started-at="2024-02-16T06:33:59Z" name="loginpage" finished-at="2024-02-16T06:34:10Z" duration-ms="10764" status="PASS">
          <reporter-output>
          </reporter-output>
        </test-method> <!-- loginpage -->
      </class> <!-- automationTestScripts.Login.LoginTest -->
    </test> <!-- Default test -->
  </suite> <!-- Default suite -->
</testng-results>
